<?xml version="1.0" encoding="UTF-8"?>
<coverage generated="1467950731">
  <project timestamp="1467950731">
    <file name="/home/ubuntu/workspace/packages/Pyncil/SEO/src/Contracts/SEOGenerator.php">
      <metrics loc="195" ncloc="59" classes="0" methods="0" coveredmethods="0" conditionals="0" coveredconditionals="0" statements="0" coveredstatements="0" elements="0" coveredelements="0"/>
    </file>
    <package name="Pyncil\SEO\Facades">
      <file name="/home/ubuntu/workspace/packages/Pyncil/SEO/src/Facades/SEOFacade.php">
        <class name="SEOGenerator" namespace="Pyncil\SEO\Facades">
          <metrics methods="1" coveredmethods="0" conditionals="0" coveredconditionals="0" statements="3" coveredstatements="0" elements="4" coveredelements="0"/>
        </class>
        <line num="9" type="method" name="getFacadeAccessor" crap="2" count="0"/>
        <line num="10" type="stmt" count="0"/>
        <line num="11" type="stmt" count="0"/>
        <line num="12" type="stmt" count="0"/>
        <metrics loc="13" ncloc="13" classes="1" methods="1" coveredmethods="0" conditionals="0" coveredconditionals="0" statements="3" coveredstatements="0" elements="4" coveredelements="0"/>
      </file>
    </package>
    <package name="Pyncil\SEO\Providers">
      <file name="/home/ubuntu/workspace/packages/Pyncil/SEO/src/Providers/SEOServiceProvider.php">
        <class name="SEOServiceProvider" namespace="Pyncil\SEO\Providers">
          <metrics methods="2" coveredmethods="2" conditionals="0" coveredconditionals="0" statements="5" coveredstatements="5" elements="7" coveredelements="7"/>
        </class>
        <line num="26" type="method" name="anonymous function" crap="1" count="1"/>
        <line num="27" type="stmt" count="1"/>
        <line num="28" type="stmt" count="1"/>
        <line num="30" type="stmt" count="1"/>
        <line num="31" type="stmt" count="1"/>
        <line num="38" type="method" name="provides" crap="1" count="1"/>
        <line num="41" type="stmt" count="1"/>
        <line num="42" type="stmt" count="1"/>
        <line num="43" type="stmt" count="1"/>
        <metrics loc="45" ncloc="30" classes="1" methods="2" coveredmethods="2" conditionals="0" coveredconditionals="0" statements="7" coveredstatements="7" elements="9" coveredelements="9"/>
      </file>
    </package>
    <package name="Pyncil\SEO">
      <file name="/home/ubuntu/workspace/packages/Pyncil/SEO/src/SEOGenerator.php">
        <class name="SEOGenerator" namespace="Pyncil\SEO">
          <metrics methods="26" coveredmethods="0" conditionals="0" coveredconditionals="0" statements="69" coveredstatements="0" elements="95" coveredelements="0"/>
        </class>
        <line num="86" type="method" name="generate" crap="6" count="0"/>
        <line num="88" type="stmt" count="0"/>
        <line num="90" type="stmt" count="0"/>
        <line num="98" type="method" name="generateTags" crap="2" count="0"/>
        <line num="101" type="stmt" count="0"/>
        <line num="102" type="stmt" count="0"/>
        <line num="103" type="stmt" count="0"/>
        <line num="104" type="stmt" count="0"/>
        <line num="105" type="stmt" count="0"/>
        <line num="106" type="stmt" count="0"/>
        <line num="107" type="stmt" count="0"/>
        <line num="108" type="stmt" count="0"/>
        <line num="109" type="stmt" count="0"/>
        <line num="111" type="stmt" count="0"/>
        <line num="119" type="method" name="setTitle" crap="2" count="0"/>
        <line num="121" type="stmt" count="0"/>
        <line num="123" type="stmt" count="0"/>
        <line num="131" type="method" name="setTitleSubline" crap="2" count="0"/>
        <line num="133" type="stmt" count="0"/>
        <line num="135" type="stmt" count="0"/>
        <line num="145" type="method" name="setTitleSeparator" crap="2" count="0"/>
        <line num="147" type="stmt" count="0"/>
        <line num="149" type="stmt" count="0"/>
        <line num="157" type="method" name="setDescription" crap="2" count="0"/>
        <line num="159" type="stmt" count="0"/>
        <line num="161" type="stmt" count="0"/>
        <line num="169" type="method" name="addKeyword" crap="2" count="0"/>
        <line num="171" type="stmt" count="0"/>
        <line num="173" type="stmt" count="0"/>
        <line num="181" type="method" name="addKeywords" crap="6" count="0"/>
        <line num="183" type="stmt" count="0"/>
        <line num="184" type="stmt" count="0"/>
        <line num="185" type="stmt" count="0"/>
        <line num="187" type="stmt" count="0"/>
        <line num="189" type="stmt" count="0"/>
        <line num="197" type="method" name="removeKeyword" crap="2" count="0"/>
        <line num="199" type="stmt" count="0"/>
        <line num="201" type="stmt" count="0"/>
        <line num="209" type="method" name="setKeywords" crap="6" count="0"/>
        <line num="211" type="stmt" count="0"/>
        <line num="212" type="stmt" count="0"/>
        <line num="213" type="stmt" count="0"/>
        <line num="215" type="stmt" count="0"/>
        <line num="217" type="stmt" count="0"/>
        <line num="225" type="method" name="setCanonical" crap="2" count="0"/>
        <line num="227" type="stmt" count="0"/>
        <line num="229" type="stmt" count="0"/>
        <line num="237" type="method" name="setRobots" crap="2" count="0"/>
        <line num="239" type="stmt" count="0"/>
        <line num="241" type="stmt" count="0"/>
        <line num="249" type="method" name="setPrev" crap="2" count="0"/>
        <line num="251" type="stmt" count="0"/>
        <line num="253" type="stmt" count="0"/>
        <line num="261" type="method" name="setNext" crap="2" count="0"/>
        <line num="263" type="stmt" count="0"/>
        <line num="265" type="stmt" count="0"/>
        <line num="275" type="method" name="addMeta" crap="12" count="0"/>
        <line num="277" type="stmt" count="0"/>
        <line num="278" type="stmt" count="0"/>
        <line num="279" type="stmt" count="0"/>
        <line num="280" type="stmt" count="0"/>
        <line num="281" type="stmt" count="0"/>
        <line num="282" type="stmt" count="0"/>
        <line num="285" type="stmt" count="0"/>
        <line num="293" type="method" name="removeMeta" crap="2" count="0"/>
        <line num="295" type="stmt" count="0"/>
        <line num="297" type="stmt" count="0"/>
        <line num="305" type="method" name="getTitle" crap="6" count="0"/>
        <line num="307" type="stmt" count="0"/>
        <line num="315" type="method" name="getTitleSubline" crap="6" count="0"/>
        <line num="317" type="stmt" count="0"/>
        <line num="325" type="method" name="getTitleSeparator" crap="6" count="0"/>
        <line num="327" type="stmt" count="0"/>
        <line num="335" type="method" name="getDescription" crap="2" count="0"/>
        <line num="337" type="stmt" count="0"/>
        <line num="345" type="method" name="getKeywords" crap="6" count="0"/>
        <line num="347" type="stmt" count="0"/>
        <line num="355" type="method" name="getCanonical" crap="6" count="0"/>
        <line num="357" type="stmt" count="0"/>
        <line num="365" type="method" name="getRobots" crap="6" count="0"/>
        <line num="367" type="stmt" count="0"/>
        <line num="375" type="method" name="getPrev" crap="6" count="0"/>
        <line num="377" type="stmt" count="0"/>
        <line num="385" type="method" name="getNext" crap="6" count="0"/>
        <line num="387" type="stmt" count="0"/>
        <line num="395" type="method" name="getMetatags" crap="12" count="0"/>
        <line num="397" type="stmt" count="0"/>
        <line num="399" type="stmt" count="0"/>
        <line num="400" type="stmt" count="0"/>
        <line num="401" type="stmt" count="0"/>
        <line num="404" type="stmt" count="0"/>
        <line num="405" type="stmt" count="0"/>
        <line num="408" type="stmt" count="0"/>
        <line num="409" type="stmt" count="0"/>
        <line num="411" type="stmt" count="0"/>
        <metrics loc="413" ncloc="209" classes="1" methods="26" coveredmethods="0" conditionals="0" coveredconditionals="0" statements="69" coveredstatements="0" elements="95" coveredelements="0"/>
      </file>
    </package>
    <metrics files="4" loc="666" ncloc="311" classes="3" methods="29" coveredmethods="2" conditionals="0" coveredconditionals="0" statements="79" coveredstatements="7" elements="108" coveredelements="9"/>
  </project>
</coverage>
